D:\projects\CompKey1\cmake-build-debug\compkey.exe
directed edge count: 7784130
init graph time: 7189ms
working thread number: 20
dumped D:/projects/CompKey1/resource/batch_compkey_score/116470-119469.csv
dumped D:/projects/CompKey1/resource/batch_compkey_score/110340-113339.csv
dumped D:/projects/CompKey1/resource/batch_compkey_score/104210-107209.csv
dumped D:/projects/CompKey1/resource/batch_compkey_score/98080-101079.csv
dumped D:/projects/CompKey1/resource/batch_compkey_score/119470-122469.csv
dumped D:/projects/CompKey1/resource/batch_compkey_score/122470-122611.csv
dumped D:/projects/CompKey1/resource/batch_compkey_score/91950-94949.csv
dumped D:/projects/CompKey1/resource/batch_compkey_score/113340-116339.csv
dumped D:/projects/CompKey1/resource/batch_compkey_score/116340-116469.csv
dumped D:/projects/CompKey1/resource/batch_compkey_score/107210-110209.csv
dumped D:/projects/CompKey1/resource/batch_compkey_score/110210-110339.csv
dumped D:/projects/CompKey1/resource/batch_compkey_score/85820-88819.csv
dumped D:/projects/CompKey1/resource/batch_compkey_score/73560-76559.csv
dumped D:/projects/CompKey1/resource/batch_compkey_score/101080-104079.csv
dumped D:/projects/CompKey1/resource/batch_compkey_score/79690-82689.csv
dumped D:/projects/CompKey1/resource/batch_compkey_score/104080-104209.csv
dumped D:/projects/CompKey1/resource/batch_compkey_score/67430-70429.csv
dumped D:/projects/CompKey1/resource/batch_compkey_score/94950-97949.csv
dumped D:/projects/CompKey1/resource/batch_compkey_score/97950-98079.csv
dumped D:/projects/CompKey1/resource/batch_compkey_score/61300-64299.csv
dumped D:/projects/CompKey1/resource/batch_compkey_score/55170-58169.csv
dumped D:/projects/CompKey1/resource/batch_compkey_score/88820-91819.csv
dumped D:/projects/CompKey1/resource/batch_compkey_score/91820-91949.csv
dumped D:/projects/CompKey1/resource/batch_compkey_score/49040-52039.csv
dumped D:/projects/CompKey1/resource/batch_compkey_score/82690-85689.csv
dumped D:/projects/CompKey1/resource/batch_compkey_score/85690-85819.csv
dumped D:/projects/CompKey1/resource/batch_compkey_score/76560-79559.csv
dumped D:/projects/CompKey1/resource/batch_compkey_score/79560-79689.csv
dumped D:/projects/CompKey1/resource/batch_compkey_score/70430-73429.csv
dumped D:/projects/CompKey1/resource/batch_compkey_score/73430-73559.csv
dumped D:/projects/CompKey1/resource/batch_compkey_score/42910-45909.csv
dumped D:/projects/CompKey1/resource/batch_compkey_score/64300-67299.csv
dumped D:/projects/CompKey1/resource/batch_compkey_score/67300-67429.csv
dumped D:/projects/CompKey1/resource/batch_compkey_score/36780-39779.csv
dumped D:/projects/CompKey1/resource/batch_compkey_score/58170-61169.csv
dumped D:/projects/CompKey1/resource/batch_compkey_score/61170-61299.csv
dumped D:/projects/CompKey1/resource/batch_compkey_score/30650-33649.csv
dumped D:/projects/CompKey1/resource/batch_compkey_score/52040-55039.csv
dumped D:/projects/CompKey1/resource/batch_compkey_score/55040-55169.csv
dumped D:/projects/CompKey1/resource/batch_compkey_score/24520-27519.csv
dumped D:/projects/CompKey1/resource/batch_compkey_score/45910-48909.csv
dumped D:/projects/CompKey1/resource/batch_compkey_score/48910-49039.csv
dumped D:/projects/CompKey1/resource/batch_compkey_score/18390-21389.csv
dumped D:/projects/CompKey1/resource/batch_compkey_score/39780-42779.csv
dumped D:/projects/CompKey1/resource/batch_compkey_score/42780-42909.csv
dumped D:/projects/CompKey1/resource/batch_compkey_score/33650-36649.csv
dumped D:/projects/CompKey1/resource/batch_compkey_score/36650-36779.csv
dumped D:/projects/CompKey1/resource/batch_compkey_score/12260-15259.csv
dumped D:/projects/CompKey1/resource/batch_compkey_score/27520-30519.csv
dumped D:/projects/CompKey1/resource/batch_compkey_score/30520-30649.csv
dumped D:/projects/CompKey1/resource/batch_compkey_score/21390-24389.csv
dumped D:/projects/CompKey1/resource/batch_compkey_score/24390-24519.csv
dumped D:/projects/CompKey1/resource/batch_compkey_score/6130-9129.csv
dumped D:/projects/CompKey1/resource/batch_compkey_score/15260-18259.csv
dumped D:/projects/CompKey1/resource/batch_compkey_score/18260-18389.csv
dumped D:/projects/CompKey1/resource/batch_compkey_score/9130-12129.csv
dumped D:/projects/CompKey1/resource/batch_compkey_score/12130-12259.csv
dumped D:/projects/CompKey1/resource/batch_compkey_score/0-2999.csv
dumped D:/projects/CompKey1/resource/batch_compkey_score/3000-5999.csv
dumped D:/projects/CompKey1/resource/batch_compkey_score/6000-6129.csv
compute time: 538395ms

Process finished with exit code 0